Build started 12/5/2013 7:50:28 PM.
     1>Project "C:\Users\Aidan\Desktop\lind1468LabsSecond\Final_review_2\Final_review_2.vcxproj" on node 2 (build target(s)).
     1>InitializeBuildStatus:
         Touching "Debug\Final_review_2.unsuccessfulbuild".
       ClCompile:
         c:\Program Files (x86)\Microsoft Visual Studio 10.0\VC\bin\CL.exe /c /ZI /nologo /W3 /WX- /Od /Oy- /D WIN32 /D _DEBUG /D _CONSOLE /D _UNICODE /D UNICODE /Gm /EHsc /RTC1 /MDd /GS /fp:precise /Zc:wchar_t /Zc:forScope /Fo"Debug\\" /Fd"Debug\vc100.pdb" /Gd /TP /analyze- /errorReport:prompt main.cpp
         main.cpp
     1>c:\users\aidan\desktop\lind1468labssecond\final_review_2\main.cpp(27): error C2296: '%' : illegal, left operand has type 'double'
     1>Done Building Project "C:\Users\Aidan\Desktop\lind1468LabsSecond\Final_review_2\Final_review_2.vcxproj" (build target(s)) -- FAILED.

Build FAILED.

Time Elapsed 00:00:01.19
